<?xml version="1.0" encoding="UTF-8"?>
<!-- Generated by org.testng.reporters.JUnitXMLReporter -->
<testsuite ignored="0" hostname="Sagar07" failures="0" tests="6" name="Default test" time="0.136" errors="0" timestamp="2024-08-07T11:00:31 IST">
  <testcase classname="com.AmazoCart.kidsproducttest.KidsProducttest2" name="addProduct" time="0.021"/>
  <testcase classname="com.AmazoCart.kidsproducttest.KidsProducttest2" name="addProduct" time="0.003"/>
  <testcase classname="com.AmazoCart.kidsproducttest.KidsProducttest2" name="deleteProduct" time="0.003"/>
  <testcase classname="com.AmazoCart.kidsproducttest.KidsProducttest2" name="deleteProduct" time="0.002"/>
  <testcase classname="com.AmazoCart.kidsproducttest.KidsProducttest2" name="updateProduct" time="0.002"/>
  <testcase classname="com.AmazoCart.kidsproducttest.KidsProducttest2" name="updateProduct" time="0.002"/>
</testsuite> <!-- Default test -->
